<?xml version="1.0" encoding="UTF-8"?>
<coverage generated="1729606565845" clover="3.2.0">
  <project timestamp="1729606565845" name="All files">
    <metrics statements="61" coveredstatements="61" conditionals="19" coveredconditionals="18" methods="13" coveredmethods="13" elements="93" coveredelements="92" complexity="0" loc="61" ncloc="61" packages="6" files="9" classes="9"/>
    <package name="domain.usecases">
      <metrics statements="17" coveredstatements="17" conditionals="9" coveredconditionals="9" methods="2" coveredmethods="2"/>
      <file name="authUseCase.js" path="C:\Users\sandr\Documents\Projects\Manguinhos Courses\node-api\src\domain\usecases\authUseCase.js">
        <metrics statements="17" coveredstatements="17" conditionals="9" coveredconditionals="9" methods="2" coveredmethods="2"/>
        <line num="1" count="1" type="stmt"/>
        <line num="3" count="1" type="stmt"/>
        <line num="5" count="20" type="stmt"/>
        <line num="6" count="20" type="stmt"/>
        <line num="7" count="20" type="stmt"/>
        <line num="8" count="20" type="stmt"/>
        <line num="12" count="20" type="cond" truecount="2" falsecount="0"/>
        <line num="13" count="1" type="stmt"/>
        <line num="14" count="19" type="cond" truecount="2" falsecount="0"/>
        <line num="15" count="1" type="stmt"/>
        <line num="19" count="18" type="stmt"/>
        <line num="20" count="11" type="stmt"/>
        <line num="22" count="10" type="cond" truecount="4" falsecount="0"/>
        <line num="24" count="8" type="stmt"/>
        <line num="25" count="6" type="stmt"/>
        <line num="27" count="5" type="stmt"/>
        <line num="30" count="2" type="stmt"/>
      </file>
    </package>
    <package name="presentation.errors">
      <metrics statements="11" coveredstatements="11" conditionals="2" coveredconditionals="1" methods="2" coveredmethods="2"/>
      <file name="index.js" path="C:\Users\sandr\Documents\Projects\Manguinhos Courses\node-api\src\presentation\errors\index.js">
        <metrics statements="5" coveredstatements="5" conditionals="0" coveredconditionals="0" methods="0" coveredmethods="0"/>
        <line num="1" count="1" type="stmt"/>
        <line num="2" count="1" type="stmt"/>
        <line num="3" count="1" type="stmt"/>
        <line num="4" count="1" type="stmt"/>
        <line num="6" count="1" type="stmt"/>
      </file>
      <file name="serverError.js" path="C:\Users\sandr\Documents\Projects\Manguinhos Courses\node-api\src\presentation\errors\serverError.js">
        <metrics statements="3" coveredstatements="3" conditionals="2" coveredconditionals="1" methods="1" coveredmethods="1"/>
        <line num="1" count="1" type="stmt"/>
        <line num="3" count="14" type="cond" truecount="1" falsecount="1"/>
        <line num="7" count="14" type="stmt"/>
      </file>
      <file name="unauthorizedParamError.js" path="C:\Users\sandr\Documents\Projects\Manguinhos Courses\node-api\src\presentation\errors\unauthorizedParamError.js">
        <metrics statements="3" coveredstatements="3" conditionals="0" coveredconditionals="0" methods="1" coveredmethods="1"/>
        <line num="1" count="1" type="stmt"/>
        <line num="4" count="2" type="stmt"/>
        <line num="5" count="2" type="stmt"/>
      </file>
    </package>
    <package name="presentation.helpers">
      <metrics statements="5" coveredstatements="5" conditionals="0" coveredconditionals="0" methods="4" coveredmethods="4"/>
      <file name="httpResponse.js" path="C:\Users\sandr\Documents\Projects\Manguinhos Courses\node-api\src\presentation\helpers\httpResponse.js">
        <metrics statements="5" coveredstatements="5" conditionals="0" coveredconditionals="0" methods="4" coveredmethods="4"/>
        <line num="1" count="1" type="stmt"/>
        <line num="3" count="3" type="stmt"/>
        <line num="10" count="7" type="stmt"/>
        <line num="17" count="1" type="stmt"/>
        <line num="24" count="3" type="stmt"/>
      </file>
    </package>
    <package name="presentation.routes">
      <metrics statements="19" coveredstatements="19" conditionals="8" coveredconditionals="8" methods="2" coveredmethods="2"/>
      <file name="loginRouter.js" path="C:\Users\sandr\Documents\Projects\Manguinhos Courses\node-api\src\presentation\routes\loginRouter.js">
        <metrics statements="19" coveredstatements="19" conditionals="8" coveredconditionals="8" methods="2" coveredmethods="2"/>
        <line num="1" count="1" type="stmt"/>
        <line num="2" count="1" type="stmt"/>
        <line num="4" count="1" type="stmt"/>
        <line num="6" count="14" type="stmt"/>
        <line num="7" count="14" type="stmt"/>
        <line num="11" count="14" type="stmt"/>
        <line num="12" count="14" type="stmt"/>
        <line num="14" count="12" type="cond" truecount="2" falsecount="0"/>
        <line num="15" count="1" type="stmt"/>
        <line num="16" count="11" type="cond" truecount="2" falsecount="0"/>
        <line num="17" count="1" type="stmt"/>
        <line num="20" count="10" type="cond" truecount="2" falsecount="0"/>
        <line num="21" count="1" type="stmt"/>
        <line num="24" count="4" type="stmt"/>
        <line num="26" count="4" type="cond" truecount="2" falsecount="0"/>
        <line num="27" count="1" type="stmt"/>
        <line num="30" count="3" type="stmt"/>
        <line num="32" count="7" type="stmt"/>
        <line num="33" count="7" type="stmt"/>
      </file>
    </package>
    <package name="utils.errors">
      <metrics statements="6" coveredstatements="6" conditionals="0" coveredconditionals="0" methods="2" coveredmethods="2"/>
      <file name="InvalidParamError.js" path="C:\Users\sandr\Documents\Projects\Manguinhos Courses\node-api\src\utils\errors\InvalidParamError.js">
        <metrics statements="3" coveredstatements="3" conditionals="0" coveredconditionals="0" methods="1" coveredmethods="1"/>
        <line num="1" count="1" type="stmt"/>
        <line num="4" count="2" type="stmt"/>
        <line num="5" count="2" type="stmt"/>
      </file>
      <file name="missingParamError.js" path="C:\Users\sandr\Documents\Projects\Manguinhos Courses\node-api\src\utils\errors\missingParamError.js">
        <metrics statements="3" coveredstatements="3" conditionals="0" coveredconditionals="0" methods="1" coveredmethods="1"/>
        <line num="1" count="2" type="stmt"/>
        <line num="4" count="8" type="stmt"/>
        <line num="5" count="8" type="stmt"/>
      </file>
    </package>
    <package name="utils.helpers">
      <metrics statements="3" coveredstatements="3" conditionals="0" coveredconditionals="0" methods="1" coveredmethods="1"/>
      <file name="emailValidator.js" path="C:\Users\sandr\Documents\Projects\Manguinhos Courses\node-api\src\utils\helpers\emailValidator.js">
        <metrics statements="3" coveredstatements="3" conditionals="0" coveredconditionals="0" methods="1" coveredmethods="1"/>
        <line num="1" count="1" type="stmt"/>
        <line num="3" count="1" type="stmt"/>
        <line num="5" count="3" type="stmt"/>
      </file>
    </package>
  </project>
</coverage>
