<?xml version="1.0" encoding="UTF-8"?>
<coverage generated="1724768990201" clover="3.2.0">
  <project timestamp="1724768990201" name="All files">
    <metrics statements="39" coveredstatements="39" conditionals="10" coveredconditionals="9" methods="10" coveredmethods="10" elements="59" coveredelements="58" complexity="0" loc="39" ncloc="39" packages="2" files="6" classes="6"/>
    <package name="helpers">
      <metrics statements="17" coveredstatements="17" conditionals="2" coveredconditionals="1" methods="8" coveredmethods="8"/>
      <file name="InvalidParamError.js" path="C:\Users\sandr\Documents\Projects\Manguinhos Courses\node-api\src\presentation\helpers\InvalidParamError.js">
        <metrics statements="3" coveredstatements="3" conditionals="0" coveredconditionals="0" methods="1" coveredmethods="1"/>
        <line num="1" count="1" type="stmt"/>
        <line num="4" count="2" type="stmt"/>
        <line num="5" count="2" type="stmt"/>
      </file>
      <file name="httpResponse.js" path="C:\Users\sandr\Documents\Projects\Manguinhos Courses\node-api\src\presentation\helpers\httpResponse.js">
        <metrics statements="5" coveredstatements="5" conditionals="0" coveredconditionals="0" methods="4" coveredmethods="4"/>
        <line num="1" count="1" type="stmt"/>
        <line num="3" count="3" type="stmt"/>
        <line num="10" count="7" type="stmt"/>
        <line num="17" count="1" type="stmt"/>
        <line num="24" count="3" type="stmt"/>
      </file>
      <file name="missingParamError.js" path="C:\Users\sandr\Documents\Projects\Manguinhos Courses\node-api\src\presentation\helpers\missingParamError.js">
        <metrics statements="3" coveredstatements="3" conditionals="0" coveredconditionals="0" methods="1" coveredmethods="1"/>
        <line num="1" count="1" type="stmt"/>
        <line num="4" count="4" type="stmt"/>
        <line num="5" count="4" type="stmt"/>
      </file>
      <file name="serverError.js" path="C:\Users\sandr\Documents\Projects\Manguinhos Courses\node-api\src\presentation\helpers\serverError.js">
        <metrics statements="3" coveredstatements="3" conditionals="2" coveredconditionals="1" methods="1" coveredmethods="1"/>
        <line num="1" count="1" type="stmt"/>
        <line num="3" count="14" type="cond" truecount="1" falsecount="1"/>
        <line num="7" count="14" type="stmt"/>
      </file>
      <file name="unauthorizedParamError.js" path="C:\Users\sandr\Documents\Projects\Manguinhos Courses\node-api\src\presentation\helpers\unauthorizedParamError.js">
        <metrics statements="3" coveredstatements="3" conditionals="0" coveredconditionals="0" methods="1" coveredmethods="1"/>
        <line num="1" count="1" type="stmt"/>
        <line num="4" count="2" type="stmt"/>
        <line num="5" count="2" type="stmt"/>
      </file>
    </package>
    <package name="routes">
      <metrics statements="22" coveredstatements="22" conditionals="8" coveredconditionals="8" methods="2" coveredmethods="2"/>
      <file name="loginRouter.js" path="C:\Users\sandr\Documents\Projects\Manguinhos Courses\node-api\src\presentation\routes\loginRouter.js">
        <metrics statements="22" coveredstatements="22" conditionals="8" coveredconditionals="8" methods="2" coveredmethods="2"/>
        <line num="1" count="1" type="stmt"/>
        <line num="3" count="1" type="stmt"/>
        <line num="4" count="1" type="stmt"/>
        <line num="5" count="1" type="stmt"/>
        <line num="6" count="1" type="stmt"/>
        <line num="8" count="1" type="stmt"/>
        <line num="10" count="14" type="stmt"/>
        <line num="11" count="14" type="stmt"/>
        <line num="15" count="14" type="stmt"/>
        <line num="16" count="14" type="stmt"/>
        <line num="18" count="12" type="cond" truecount="2" falsecount="0"/>
        <line num="19" count="1" type="stmt"/>
        <line num="20" count="11" type="cond" truecount="2" falsecount="0"/>
        <line num="21" count="1" type="stmt"/>
        <line num="24" count="10" type="cond" truecount="2" falsecount="0"/>
        <line num="25" count="1" type="stmt"/>
        <line num="28" count="4" type="stmt"/>
        <line num="30" count="4" type="cond" truecount="2" falsecount="0"/>
        <line num="31" count="1" type="stmt"/>
        <line num="34" count="3" type="stmt"/>
        <line num="36" count="7" type="stmt"/>
        <line num="37" count="7" type="stmt"/>
      </file>
    </package>
  </project>
</coverage>
