{"C:\\Users\\sandr\\Documents\\Projects\\Manguinhos Courses\\node-api\\src\\presentation\\errors\\InvalidParamError.js": {"path":"C:\\Users\\sandr\\Documents\\Projects\\Manguinhos Courses\\node-api\\src\\presentation\\errors\\InvalidParamError.js","statementMap":{"0":{"start":{"line":1,"column":0},"end":{"line":7,"column":1}},"1":{"start":{"line":4,"column":4},"end":{"line":4,"column":44}},"2":{"start":{"line":5,"column":4},"end":{"line":5,"column":25}}},"fnMap":{"0":{"name":"(anonymous_0)","decl":{"start":{"line":3,"column":2},"end":{"line":3,"column":3}},"loc":{"start":{"line":3,"column":26},"end":{"line":6,"column":3}},"line":3}},"branchMap":{},"s":{"0":1,"1":2,"2":2},"f":{"0":2},"b":{},"_coverageSchema":"1a1c01bbd47fc00a2c39e90264f33305004495a9","hash":"0e4e42b9996ca9b0758ef91314d484f02a58f8d3"}
,"C:\\Users\\sandr\\Documents\\Projects\\Manguinhos Courses\\node-api\\src\\presentation\\errors\\index.js": {"path":"C:\\Users\\sandr\\Documents\\Projects\\Manguinhos Courses\\node-api\\src\\presentation\\errors\\index.js","statementMap":{"0":{"start":{"line":1,"column":26},"end":{"line":1,"column":64}},"1":{"start":{"line":2,"column":26},"end":{"line":2,"column":64}},"2":{"start":{"line":3,"column":26},"end":{"line":3,"column":69}},"3":{"start":{"line":4,"column":20},"end":{"line":4,"column":52}},"4":{"start":{"line":6,"column":0},"end":{"line":11,"column":1}}},"fnMap":{},"branchMap":{},"s":{"0":1,"1":1,"2":1,"3":1,"4":1},"f":{},"b":{},"_coverageSchema":"1a1c01bbd47fc00a2c39e90264f33305004495a9","hash":"80ab1ced55b3a2705ace136abc59ae267ec55b8b"}
,"C:\\Users\\sandr\\Documents\\Projects\\Manguinhos Courses\\node-api\\src\\presentation\\errors\\missingParamError.js": {"path":"C:\\Users\\sandr\\Documents\\Projects\\Manguinhos Courses\\node-api\\src\\presentation\\errors\\missingParamError.js","statementMap":{"0":{"start":{"line":1,"column":0},"end":{"line":7,"column":1}},"1":{"start":{"line":4,"column":4},"end":{"line":4,"column":44}},"2":{"start":{"line":5,"column":4},"end":{"line":5,"column":25}}},"fnMap":{"0":{"name":"(anonymous_0)","decl":{"start":{"line":3,"column":2},"end":{"line":3,"column":3}},"loc":{"start":{"line":3,"column":26},"end":{"line":6,"column":3}},"line":3}},"branchMap":{},"s":{"0":1,"1":4,"2":4},"f":{"0":4},"b":{},"_coverageSchema":"1a1c01bbd47fc00a2c39e90264f33305004495a9","hash":"b96c086ea4a2d3637987416034cc426c17b270fb"}
,"C:\\Users\\sandr\\Documents\\Projects\\Manguinhos Courses\\node-api\\src\\presentation\\errors\\serverError.js": {"path":"C:\\Users\\sandr\\Documents\\Projects\\Manguinhos Courses\\node-api\\src\\presentation\\errors\\serverError.js","statementMap":{"0":{"start":{"line":1,"column":0},"end":{"line":9,"column":1}},"1":{"start":{"line":3,"column":4},"end":{"line":5,"column":31}},"2":{"start":{"line":7,"column":4},"end":{"line":7,"column":29}}},"fnMap":{"0":{"name":"(anonymous_0)","decl":{"start":{"line":2,"column":2},"end":{"line":2,"column":3}},"loc":{"start":{"line":2,"column":23},"end":{"line":8,"column":3}},"line":2}},"branchMap":{"0":{"loc":{"start":{"line":3,"column":4},"end":{"line":5,"column":31}},"type":"cond-expr","locations":[{"start":{"line":4,"column":8},"end":{"line":4,"column":40}},{"start":{"line":5,"column":8},"end":{"line":5,"column":31}}],"line":3}},"s":{"0":1,"1":14,"2":14},"f":{"0":14},"b":{"0":[0,14]},"_coverageSchema":"1a1c01bbd47fc00a2c39e90264f33305004495a9","hash":"463a8d804cb89260195148555fb899716d58671c"}
,"C:\\Users\\sandr\\Documents\\Projects\\Manguinhos Courses\\node-api\\src\\presentation\\errors\\unauthorizedParamError.js": {"path":"C:\\Users\\sandr\\Documents\\Projects\\Manguinhos Courses\\node-api\\src\\presentation\\errors\\unauthorizedParamError.js","statementMap":{"0":{"start":{"line":1,"column":0},"end":{"line":7,"column":1}},"1":{"start":{"line":4,"column":4},"end":{"line":4,"column":31}},"2":{"start":{"line":5,"column":4},"end":{"line":5,"column":25}}},"fnMap":{"0":{"name":"(anonymous_0)","decl":{"start":{"line":3,"column":2},"end":{"line":3,"column":3}},"loc":{"start":{"line":3,"column":26},"end":{"line":6,"column":3}},"line":3}},"branchMap":{},"s":{"0":1,"1":2,"2":2},"f":{"0":2},"b":{},"_coverageSchema":"1a1c01bbd47fc00a2c39e90264f33305004495a9","hash":"ce520b8d8ac839762cf86f52bd228bd48f85b04c"}
,"C:\\Users\\sandr\\Documents\\Projects\\Manguinhos Courses\\node-api\\src\\presentation\\helpers\\httpResponse.js": {"path":"C:\\Users\\sandr\\Documents\\Projects\\Manguinhos Courses\\node-api\\src\\presentation\\helpers\\httpResponse.js","statementMap":{"0":{"start":{"line":1,"column":0},"end":{"line":29,"column":1}},"1":{"start":{"line":3,"column":4},"end":{"line":6,"column":5}},"2":{"start":{"line":10,"column":4},"end":{"line":13,"column":5}},"3":{"start":{"line":17,"column":4},"end":{"line":20,"column":5}},"4":{"start":{"line":24,"column":4},"end":{"line":27,"column":5}}},"fnMap":{"0":{"name":"(anonymous_0)","decl":{"start":{"line":2,"column":2},"end":{"line":2,"column":3}},"loc":{"start":{"line":2,"column":28},"end":{"line":7,"column":3}},"line":2},"1":{"name":"(anonymous_1)","decl":{"start":{"line":9,"column":2},"end":{"line":9,"column":3}},"loc":{"start":{"line":9,"column":29},"end":{"line":14,"column":3}},"line":9},"2":{"name":"(anonymous_2)","decl":{"start":{"line":16,"column":2},"end":{"line":16,"column":3}},"loc":{"start":{"line":16,"column":30},"end":{"line":21,"column":3}},"line":16},"3":{"name":"(anonymous_3)","decl":{"start":{"line":23,"column":2},"end":{"line":23,"column":3}},"loc":{"start":{"line":23,"column":38},"end":{"line":28,"column":3}},"line":23}},"branchMap":{},"s":{"0":1,"1":3,"2":7,"3":1,"4":3},"f":{"0":3,"1":7,"2":1,"3":3},"b":{},"_coverageSchema":"1a1c01bbd47fc00a2c39e90264f33305004495a9","hash":"ce40b5144169dd68ac7f193581239192ccb1ffa9"}
,"C:\\Users\\sandr\\Documents\\Projects\\Manguinhos Courses\\node-api\\src\\presentation\\routes\\loginRouter.js": {"path":"C:\\Users\\sandr\\Documents\\Projects\\Manguinhos Courses\\node-api\\src\\presentation\\routes\\loginRouter.js","statementMap":{"0":{"start":{"line":1,"column":21},"end":{"line":1,"column":55}},"1":{"start":{"line":2,"column":81},"end":{"line":2,"column":101}},"2":{"start":{"line":4,"column":0},"end":{"line":39,"column":1}},"3":{"start":{"line":6,"column":4},"end":{"line":6,"column":34}},"4":{"start":{"line":7,"column":4},"end":{"line":7,"column":40}},"5":{"start":{"line":11,"column":4},"end":{"line":34,"column":5}},"6":{"start":{"line":12,"column":34},"end":{"line":12,"column":50}},"7":{"start":{"line":14,"column":6},"end":{"line":18,"column":7}},"8":{"start":{"line":15,"column":8},"end":{"line":15,"column":70}},"9":{"start":{"line":16,"column":13},"end":{"line":18,"column":7}},"10":{"start":{"line":17,"column":8},"end":{"line":17,"column":73}},"11":{"start":{"line":20,"column":6},"end":{"line":22,"column":7}},"12":{"start":{"line":21,"column":8},"end":{"line":21,"column":70}},"13":{"start":{"line":24,"column":26},"end":{"line":24,"column":70}},"14":{"start":{"line":26,"column":6},"end":{"line":28,"column":7}},"15":{"start":{"line":27,"column":8},"end":{"line":27,"column":79}},"16":{"start":{"line":30,"column":6},"end":{"line":30,"column":53}},"17":{"start":{"line":32,"column":6},"end":{"line":32,"column":26}},"18":{"start":{"line":33,"column":6},"end":{"line":33,"column":56}}},"fnMap":{"0":{"name":"(anonymous_0)","decl":{"start":{"line":5,"column":2},"end":{"line":5,"column":3}},"loc":{"start":{"line":5,"column":44},"end":{"line":8,"column":3}},"line":5},"1":{"name":"(anonymous_1)","decl":{"start":{"line":10,"column":2},"end":{"line":10,"column":3}},"loc":{"start":{"line":10,"column":28},"end":{"line":38,"column":3}},"line":10}},"branchMap":{"0":{"loc":{"start":{"line":14,"column":6},"end":{"line":18,"column":7}},"type":"if","locations":[{"start":{"line":14,"column":6},"end":{"line":18,"column":7}},{"start":{"line":16,"column":13},"end":{"line":18,"column":7}}],"line":14},"1":{"loc":{"start":{"line":16,"column":13},"end":{"line":18,"column":7}},"type":"if","locations":[{"start":{"line":16,"column":13},"end":{"line":18,"column":7}},{"start":{},"end":{}}],"line":16},"2":{"loc":{"start":{"line":20,"column":6},"end":{"line":22,"column":7}},"type":"if","locations":[{"start":{"line":20,"column":6},"end":{"line":22,"column":7}},{"start":{},"end":{}}],"line":20},"3":{"loc":{"start":{"line":26,"column":6},"end":{"line":28,"column":7}},"type":"if","locations":[{"start":{"line":26,"column":6},"end":{"line":28,"column":7}},{"start":{},"end":{}}],"line":26}},"s":{"0":1,"1":1,"2":1,"3":14,"4":14,"5":14,"6":14,"7":12,"8":1,"9":11,"10":1,"11":10,"12":1,"13":4,"14":4,"15":1,"16":3,"17":7,"18":7},"f":{"0":14,"1":14},"b":{"0":[1,11],"1":[1,10],"2":[1,4],"3":[1,3]},"_coverageSchema":"1a1c01bbd47fc00a2c39e90264f33305004495a9","hash":"854540782094b88b19ead96e982b7d797e55312c"}
,"C:\\Users\\sandr\\Documents\\Projects\\Manguinhos Courses\\node-api\\src\\presentation\\utils\\emailValidator.js": {"path":"C:\\Users\\sandr\\Documents\\Projects\\Manguinhos Courses\\node-api\\src\\presentation\\utils\\emailValidator.js","statementMap":{"0":{"start":{"line":1,"column":18},"end":{"line":1,"column":38}},"1":{"start":{"line":3,"column":0},"end":{"line":7,"column":1}},"2":{"start":{"line":5,"column":4},"end":{"line":5,"column":35}}},"fnMap":{"0":{"name":"(anonymous_0)","decl":{"start":{"line":4,"column":2},"end":{"line":4,"column":3}},"loc":{"start":{"line":4,"column":18},"end":{"line":6,"column":3}},"line":4}},"branchMap":{},"s":{"0":1,"1":1,"2":3},"f":{"0":3},"b":{},"_coverageSchema":"1a1c01bbd47fc00a2c39e90264f33305004495a9","hash":"b5444fb10759703812c5ffc4b3f89e09f5a36d6a"}
}
