{"C:\\Users\\sandr\\Documents\\Projects\\Manguinhos Courses\\node-api\\src\\presentation\\helpers\\InvalidParamError.js": {"path":"C:\\Users\\sandr\\Documents\\Projects\\Manguinhos Courses\\node-api\\src\\presentation\\helpers\\InvalidParamError.js","statementMap":{"0":{"start":{"line":1,"column":0},"end":{"line":7,"column":1}},"1":{"start":{"line":4,"column":4},"end":{"line":4,"column":44}},"2":{"start":{"line":5,"column":4},"end":{"line":5,"column":25}}},"fnMap":{"0":{"name":"(anonymous_0)","decl":{"start":{"line":3,"column":2},"end":{"line":3,"column":3}},"loc":{"start":{"line":3,"column":26},"end":{"line":6,"column":3}},"line":3}},"branchMap":{},"s":{"0":1,"1":2,"2":2},"f":{"0":2},"b":{},"_coverageSchema":"1a1c01bbd47fc00a2c39e90264f33305004495a9","hash":"5379348ef3c621370c5cc75481d3a60824a0b36b"}
,"C:\\Users\\sandr\\Documents\\Projects\\Manguinhos Courses\\node-api\\src\\presentation\\helpers\\httpResponse.js": {"path":"C:\\Users\\sandr\\Documents\\Projects\\Manguinhos Courses\\node-api\\src\\presentation\\helpers\\httpResponse.js","statementMap":{"0":{"start":{"line":1,"column":0},"end":{"line":29,"column":1}},"1":{"start":{"line":3,"column":4},"end":{"line":6,"column":5}},"2":{"start":{"line":10,"column":4},"end":{"line":13,"column":5}},"3":{"start":{"line":17,"column":4},"end":{"line":20,"column":5}},"4":{"start":{"line":24,"column":4},"end":{"line":27,"column":5}}},"fnMap":{"0":{"name":"(anonymous_0)","decl":{"start":{"line":2,"column":2},"end":{"line":2,"column":3}},"loc":{"start":{"line":2,"column":28},"end":{"line":7,"column":3}},"line":2},"1":{"name":"(anonymous_1)","decl":{"start":{"line":9,"column":2},"end":{"line":9,"column":3}},"loc":{"start":{"line":9,"column":29},"end":{"line":14,"column":3}},"line":9},"2":{"name":"(anonymous_2)","decl":{"start":{"line":16,"column":2},"end":{"line":16,"column":3}},"loc":{"start":{"line":16,"column":30},"end":{"line":21,"column":3}},"line":16},"3":{"name":"(anonymous_3)","decl":{"start":{"line":23,"column":2},"end":{"line":23,"column":3}},"loc":{"start":{"line":23,"column":38},"end":{"line":28,"column":3}},"line":23}},"branchMap":{},"s":{"0":1,"1":3,"2":7,"3":1,"4":3},"f":{"0":3,"1":7,"2":1,"3":3},"b":{},"_coverageSchema":"1a1c01bbd47fc00a2c39e90264f33305004495a9","hash":"ce40b5144169dd68ac7f193581239192ccb1ffa9"}
,"C:\\Users\\sandr\\Documents\\Projects\\Manguinhos Courses\\node-api\\src\\presentation\\helpers\\missingParamError.js": {"path":"C:\\Users\\sandr\\Documents\\Projects\\Manguinhos Courses\\node-api\\src\\presentation\\helpers\\missingParamError.js","statementMap":{"0":{"start":{"line":1,"column":0},"end":{"line":7,"column":1}},"1":{"start":{"line":4,"column":4},"end":{"line":4,"column":44}},"2":{"start":{"line":5,"column":4},"end":{"line":5,"column":25}}},"fnMap":{"0":{"name":"(anonymous_0)","decl":{"start":{"line":3,"column":2},"end":{"line":3,"column":3}},"loc":{"start":{"line":3,"column":26},"end":{"line":6,"column":3}},"line":3}},"branchMap":{},"s":{"0":1,"1":4,"2":4},"f":{"0":4},"b":{},"_coverageSchema":"1a1c01bbd47fc00a2c39e90264f33305004495a9","hash":"5eeba945792d69bf6db102bbff1df4ba34d38dde"}
,"C:\\Users\\sandr\\Documents\\Projects\\Manguinhos Courses\\node-api\\src\\presentation\\helpers\\serverError.js": {"path":"C:\\Users\\sandr\\Documents\\Projects\\Manguinhos Courses\\node-api\\src\\presentation\\helpers\\serverError.js","statementMap":{"0":{"start":{"line":1,"column":0},"end":{"line":9,"column":1}},"1":{"start":{"line":3,"column":4},"end":{"line":5,"column":31}},"2":{"start":{"line":7,"column":4},"end":{"line":7,"column":29}}},"fnMap":{"0":{"name":"(anonymous_0)","decl":{"start":{"line":2,"column":2},"end":{"line":2,"column":3}},"loc":{"start":{"line":2,"column":23},"end":{"line":8,"column":3}},"line":2}},"branchMap":{"0":{"loc":{"start":{"line":3,"column":4},"end":{"line":5,"column":31}},"type":"cond-expr","locations":[{"start":{"line":4,"column":8},"end":{"line":4,"column":40}},{"start":{"line":5,"column":8},"end":{"line":5,"column":31}}],"line":3}},"s":{"0":1,"1":14,"2":14},"f":{"0":14},"b":{"0":[0,14]},"_coverageSchema":"1a1c01bbd47fc00a2c39e90264f33305004495a9","hash":"b302fb71a069554c441fa4f9a31b67623324133e"}
,"C:\\Users\\sandr\\Documents\\Projects\\Manguinhos Courses\\node-api\\src\\presentation\\helpers\\unauthorizedParamError.js": {"path":"C:\\Users\\sandr\\Documents\\Projects\\Manguinhos Courses\\node-api\\src\\presentation\\helpers\\unauthorizedParamError.js","statementMap":{"0":{"start":{"line":1,"column":0},"end":{"line":7,"column":1}},"1":{"start":{"line":4,"column":4},"end":{"line":4,"column":31}},"2":{"start":{"line":5,"column":4},"end":{"line":5,"column":25}}},"fnMap":{"0":{"name":"(anonymous_0)","decl":{"start":{"line":3,"column":2},"end":{"line":3,"column":3}},"loc":{"start":{"line":3,"column":26},"end":{"line":6,"column":3}},"line":3}},"branchMap":{},"s":{"0":1,"1":2,"2":2},"f":{"0":2},"b":{},"_coverageSchema":"1a1c01bbd47fc00a2c39e90264f33305004495a9","hash":"535f37ba83b07d7139c1629720da9e61b34e9708"}
,"C:\\Users\\sandr\\Documents\\Projects\\Manguinhos Courses\\node-api\\src\\presentation\\routes\\loginRouter.js": {"path":"C:\\Users\\sandr\\Documents\\Projects\\Manguinhos Courses\\node-api\\src\\presentation\\routes\\loginRouter.js","statementMap":{"0":{"start":{"line":1,"column":21},"end":{"line":1,"column":55}},"1":{"start":{"line":3,"column":26},"end":{"line":3,"column":65}},"2":{"start":{"line":4,"column":26},"end":{"line":4,"column":65}},"3":{"start":{"line":5,"column":26},"end":{"line":5,"column":70}},"4":{"start":{"line":6,"column":20},"end":{"line":6,"column":53}},"5":{"start":{"line":8,"column":0},"end":{"line":43,"column":1}},"6":{"start":{"line":10,"column":4},"end":{"line":10,"column":34}},"7":{"start":{"line":11,"column":4},"end":{"line":11,"column":40}},"8":{"start":{"line":15,"column":4},"end":{"line":38,"column":5}},"9":{"start":{"line":16,"column":34},"end":{"line":16,"column":50}},"10":{"start":{"line":18,"column":6},"end":{"line":22,"column":7}},"11":{"start":{"line":19,"column":8},"end":{"line":19,"column":70}},"12":{"start":{"line":20,"column":13},"end":{"line":22,"column":7}},"13":{"start":{"line":21,"column":8},"end":{"line":21,"column":73}},"14":{"start":{"line":24,"column":6},"end":{"line":26,"column":7}},"15":{"start":{"line":25,"column":8},"end":{"line":25,"column":70}},"16":{"start":{"line":28,"column":26},"end":{"line":28,"column":70}},"17":{"start":{"line":30,"column":6},"end":{"line":32,"column":7}},"18":{"start":{"line":31,"column":8},"end":{"line":31,"column":79}},"19":{"start":{"line":34,"column":6},"end":{"line":34,"column":53}},"20":{"start":{"line":36,"column":6},"end":{"line":36,"column":26}},"21":{"start":{"line":37,"column":6},"end":{"line":37,"column":56}}},"fnMap":{"0":{"name":"(anonymous_0)","decl":{"start":{"line":9,"column":2},"end":{"line":9,"column":3}},"loc":{"start":{"line":9,"column":44},"end":{"line":12,"column":3}},"line":9},"1":{"name":"(anonymous_1)","decl":{"start":{"line":14,"column":2},"end":{"line":14,"column":3}},"loc":{"start":{"line":14,"column":28},"end":{"line":42,"column":3}},"line":14}},"branchMap":{"0":{"loc":{"start":{"line":18,"column":6},"end":{"line":22,"column":7}},"type":"if","locations":[{"start":{"line":18,"column":6},"end":{"line":22,"column":7}},{"start":{"line":20,"column":13},"end":{"line":22,"column":7}}],"line":18},"1":{"loc":{"start":{"line":20,"column":13},"end":{"line":22,"column":7}},"type":"if","locations":[{"start":{"line":20,"column":13},"end":{"line":22,"column":7}},{"start":{},"end":{}}],"line":20},"2":{"loc":{"start":{"line":24,"column":6},"end":{"line":26,"column":7}},"type":"if","locations":[{"start":{"line":24,"column":6},"end":{"line":26,"column":7}},{"start":{},"end":{}}],"line":24},"3":{"loc":{"start":{"line":30,"column":6},"end":{"line":32,"column":7}},"type":"if","locations":[{"start":{"line":30,"column":6},"end":{"line":32,"column":7}},{"start":{},"end":{}}],"line":30}},"s":{"0":1,"1":1,"2":1,"3":1,"4":1,"5":1,"6":14,"7":14,"8":14,"9":14,"10":12,"11":1,"12":11,"13":1,"14":10,"15":1,"16":4,"17":4,"18":1,"19":3,"20":7,"21":7},"f":{"0":14,"1":14},"b":{"0":[1,11],"1":[1,10],"2":[1,4],"3":[1,3]},"_coverageSchema":"1a1c01bbd47fc00a2c39e90264f33305004495a9","hash":"8595c0ea2893df07be37917d3dc14aed81e0b3f0"}
}
