TN:
SF:src\presentation\helpers\InvalidParamError.js
FN:3,(anonymous_0)
FNF:1
FNH:1
FNDA:2,(anonymous_0)
DA:1,1
DA:4,2
DA:5,2
LF:3
LH:3
BRF:0
BRH:0
end_of_record
TN:
SF:src\presentation\helpers\httpResponse.js
FN:2,(anonymous_0)
FN:9,(anonymous_1)
FN:16,(anonymous_2)
FN:23,(anonymous_3)
FNF:4
FNH:4
FNDA:3,(anonymous_0)
FNDA:7,(anonymous_1)
FNDA:1,(anonymous_2)
FNDA:3,(anonymous_3)
DA:1,1
DA:3,3
DA:10,7
DA:17,1
DA:24,3
LF:5
LH:5
BRF:0
BRH:0
end_of_record
TN:
SF:src\presentation\helpers\missingParamError.js
FN:3,(anonymous_0)
FNF:1
FNH:1
FNDA:4,(anonymous_0)
DA:1,1
DA:4,4
DA:5,4
LF:3
LH:3
BRF:0
BRH:0
end_of_record
TN:
SF:src\presentation\helpers\serverError.js
FN:2,(anonymous_0)
FNF:1
FNH:1
FNDA:14,(anonymous_0)
DA:1,1
DA:3,14
DA:7,14
LF:3
LH:3
BRDA:3,0,0,0
BRDA:3,0,1,14
BRF:2
BRH:1
end_of_record
TN:
SF:src\presentation\helpers\unauthorizedParamError.js
FN:3,(anonymous_0)
FNF:1
FNH:1
FNDA:2,(anonymous_0)
DA:1,1
DA:4,2
DA:5,2
LF:3
LH:3
BRF:0
BRH:0
end_of_record
TN:
SF:src\presentation\routes\loginRouter.js
FN:9,(anonymous_0)
FN:14,(anonymous_1)
FNF:2
FNH:2
FNDA:14,(anonymous_0)
FNDA:14,(anonymous_1)
DA:1,1
DA:3,1
DA:4,1
DA:5,1
DA:6,1
DA:8,1
DA:10,14
DA:11,14
DA:15,14
DA:16,14
DA:18,12
DA:19,1
DA:20,11
DA:21,1
DA:24,10
DA:25,1
DA:28,4
DA:30,4
DA:31,1
DA:34,3
DA:36,7
DA:37,7
LF:22
LH:22
BRDA:18,0,0,1
BRDA:18,0,1,11
BRDA:20,1,0,1
BRDA:20,1,1,10
BRDA:24,2,0,1
BRDA:24,2,1,4
BRDA:30,3,0,1
BRDA:30,3,1,3
BRF:8
BRH:8
end_of_record
