TN:
SF:src\domain\usecases\authUseCase.js
FN:4,(anonymous_0)
FN:9,(anonymous_1)
FNF:2
FNH:2
FNDA:7,(anonymous_0)
FNDA:7,(anonymous_1)
DA:1,1
DA:3,1
DA:5,7
DA:6,7
DA:10,7
DA:11,1
DA:12,6
DA:13,1
DA:14,5
DA:15,1
DA:18,4
DA:20,4
DA:21,0
DA:24,4
DA:26,4
LF:15
LH:14
BRDA:10,0,0,1
BRDA:10,0,1,6
BRDA:12,1,0,1
BRDA:12,1,1,5
BRDA:14,2,0,1
BRDA:14,2,1,4
BRDA:20,3,0,0
BRDA:20,3,1,4
BRF:8
BRH:7
end_of_record
TN:
SF:src\presentation\errors\index.js
FNF:0
FNH:0
DA:1,1
DA:2,1
DA:3,1
DA:4,1
DA:6,1
LF:5
LH:5
BRF:0
BRH:0
end_of_record
TN:
SF:src\presentation\errors\serverError.js
FN:2,(anonymous_0)
FNF:1
FNH:1
FNDA:14,(anonymous_0)
DA:1,1
DA:3,14
DA:7,14
LF:3
LH:3
BRDA:3,0,0,0
BRDA:3,0,1,14
BRF:2
BRH:1
end_of_record
TN:
SF:src\presentation\errors\unauthorizedParamError.js
FN:3,(anonymous_0)
FNF:1
FNH:1
FNDA:2,(anonymous_0)
DA:1,1
DA:4,2
DA:5,2
LF:3
LH:3
BRF:0
BRH:0
end_of_record
TN:
SF:src\presentation\helpers\httpResponse.js
FN:2,(anonymous_0)
FN:9,(anonymous_1)
FN:16,(anonymous_2)
FN:23,(anonymous_3)
FNF:4
FNH:4
FNDA:3,(anonymous_0)
FNDA:7,(anonymous_1)
FNDA:1,(anonymous_2)
FNDA:3,(anonymous_3)
DA:1,1
DA:3,3
DA:10,7
DA:17,1
DA:24,3
LF:5
LH:5
BRF:0
BRH:0
end_of_record
TN:
SF:src\presentation\routes\loginRouter.js
FN:5,(anonymous_0)
FN:10,(anonymous_1)
FNF:2
FNH:2
FNDA:14,(anonymous_0)
FNDA:14,(anonymous_1)
DA:1,1
DA:2,1
DA:4,1
DA:6,14
DA:7,14
DA:11,14
DA:12,14
DA:14,12
DA:15,1
DA:16,11
DA:17,1
DA:20,10
DA:21,1
DA:24,4
DA:26,4
DA:27,1
DA:30,3
DA:32,7
DA:33,7
LF:19
LH:19
BRDA:14,0,0,1
BRDA:14,0,1,11
BRDA:16,1,0,1
BRDA:16,1,1,10
BRDA:20,2,0,1
BRDA:20,2,1,4
BRDA:26,3,0,1
BRDA:26,3,1,3
BRF:8
BRH:8
end_of_record
TN:
SF:src\utils\emailValidator.js
FN:4,(anonymous_0)
FNF:1
FNH:1
FNDA:3,(anonymous_0)
DA:1,1
DA:3,1
DA:5,3
LF:3
LH:3
BRF:0
BRH:0
end_of_record
TN:
SF:src\utils\errors\InvalidParamError.js
FN:3,(anonymous_0)
FNF:1
FNH:1
FNDA:2,(anonymous_0)
DA:1,1
DA:4,2
DA:5,2
LF:3
LH:3
BRF:0
BRH:0
end_of_record
TN:
SF:src\utils\errors\missingParamError.js
FN:3,(anonymous_0)
FNF:1
FNH:1
FNDA:10,(anonymous_0)
DA:1,2
DA:4,10
DA:5,10
LF:3
LH:3
BRF:0
BRH:0
end_of_record
